C51 COMPILER V9.52.0.0   MAIN                                                              04/16/2018 15:15:52 PAGE 1   


C51 COMPILER V9.52.0.0, COMPILATION OF MODULE MAIN
OBJECT MODULE PLACED IN .\Obj\main.obj
COMPILER INVOKED BY: C:\Keil_v5\C51\BIN\C51.EXE Source\main.c LARGE REGFILE(.\Obj\Stepper.ORC) BROWSE INCDIR(.\Header) D
                    -EBUG OBJECTEXTEND PRINT(.\Lis\main.lst) TABS(2) OBJECT(.\Obj\main.obj)

line level    source

   1          #include <STC15F2K60S2.H>
   2          /* BLINKY.C - LED Flasher for the Keil MCBx51 Evaluation Board with 80C51 device*/
   3                            
   4          #include <REG51F.H>
*** WARNING C318 IN LINE 4 OF Source\main.c: can't open file 'REG51F.H'
   5          
   6          // When you have enabled the option Stop Program Execution with Serial
   7          // Interrupt, the Monitor-51 uses the serial interrupt of the UART.
   8          // It is therefore required to reserve the memory locations for the interrupt
   9          // vector.  You can do this by adding one of the following code lines:
  10          
  11          // char code reserve [3] _at_ 0x23;   // when using on-chip UART for communication
  12          // char code reserve [3] _at_  0x3;   // when using off-chip UART for communication
  13          
  14          void wait (void)  {                   /* wait function */
  15   1        ;                                   /* only to delay for LED flashes */
  16   1      }
  17          
  18          void main (void)  {
  19   1        unsigned int i, cycle;                     /* Delay var */
  20   1        unsigned char j;                    /* LED var */
  21   1        
  22   1        // One revolution CCW using full step mode
  23   1        for (cycle = 0; cycle < 512*4; cycle++)
  24   1        {
  25   2            P0=0x13;
  26   2            for (i = 0; i < 2000; i++)  {  /* Delay for 10000 Counts */
  27   3              wait ();                       /* call wait function */
  28   3            }
  29   2            P0=0x26;
  30   2            for (i = 0; i < 2000; i++)  {  /* Delay for 10000 Counts */
  31   3              wait ();                       /* call wait function */
  32   3            }
  33   2            P0=0x4C;
  34   2            for (i = 0; i < 2000; i++)  {  /* Delay for 10000 Counts */
  35   3              wait ();                       /* call wait function */
  36   3            }
  37   2            P0=0x89;
  38   2            for (i = 0; i < 2000; i++)  {  /* Delay for 10000 Counts */
  39   3              wait ();                       /* call wait function */
  40   3            }
  41   2        }
  42   1      }
*** WARNING C280 IN LINE 20 OF Source\main.c: 'j': unreferenced local variable


MODULE INFORMATION:   STATIC OVERLAYABLE
   CODE SIZE        =     98    ----
   CONSTANT SIZE    =   ----    ----
   XDATA SIZE       =   ----       1
   PDATA SIZE       =   ----    ----
   DATA SIZE        =   ----    ----
   IDATA SIZE       =   ----    ----
   BIT SIZE         =   ----    ----
C51 COMPILER V9.52.0.0   MAIN                                                              04/16/2018 15:15:52 PAGE 2   

END OF MODULE INFORMATION.


C51 COMPILATION COMPLETE.  2 WARNING(S),  0 ERROR(S)
